<?xml version="1.0" encoding="UTF-8"?>
<!-- Generated by org.testng.reporters.JUnitReportReporter -->
<testsuite hostname="GAJENDRA-LAPTOP" failures="0" tests="3" name="stepdefinitions.TestNGSuiteRunner" time="322.132" errors="0" timestamp="2024-03-23T13:26:39 IST" skipped="0">
  <testcase classname="stepdefinitions.TestNGSuiteRunner" name="runScenario" time="83.226"/>
  <system-out/>
  <testcase classname="stepdefinitions.TestNGSuiteRunner" name="runScenario" time="111.221"/>
  <system-out/>
  <testcase classname="stepdefinitions.TestNGSuiteRunner" name="runScenario" time="127.685"/>
  <system-out/>
</testsuite> <!-- stepdefinitions.TestNGSuiteRunner -->
