<?xml version="1.0" encoding="UTF-8"?>
<!-- Generated by org.testng.reporters.JUnitReportReporter -->
<testsuite skipped="0" hostname="GAJENDRA-LAPTOP" name="stepdefinitions.TestNGSuiteRunner" tests="3" failures="0" timestamp="2024-03-23T13:04:10 IST" time="221.671" errors="0">
  <testcase name="runScenario" time="62.007" classname="stepdefinitions.TestNGSuiteRunner"/>
  <system-out/>
  <testcase name="runScenario" time="101.788" classname="stepdefinitions.TestNGSuiteRunner"/>
  <system-out/>
  <testcase name="runScenario" time="57.876" classname="stepdefinitions.TestNGSuiteRunner"/>
  <system-out/>
</testsuite> <!-- stepdefinitions.TestNGSuiteRunner -->
